<?xml version="1.0" encoding="UTF-8"?>
<!-- Generated by org.testng.reporters.JUnitXMLReporter -->
<testsuite ignored="0" hostname="Jashwin-PC" failures="2" tests="13" name="Test" time="269.614" errors="0" timestamp="2025-06-18T19:21:49 EDT">
  <testcase classname="amazonTest.TestCase1_LoginToAmazonLogout" name="withvalidvredentails" time="10.817"/>
  <testcase classname="amazonTest.TestCase2_ValidLogin" name="withvalidvredentails" time="11.878"/>
  <testcase classname="amazonTest.TestCase3_InvalidLogin" name="withInvalidcredentails" time="7.484"/>
  <testcase classname="amazonTest.TestCase4_ProfileEdit2" name="withvalidvredentails" time="16.013"/>
  <testcase classname="amazonTest.TestCase6_SearchFilters" name="withvalidvredentails" time="5.018"/>
  <testcase classname="amazonTest.TestCase7_ProductDetails" name="withvalidvredentails" time="6.346"/>
  <testcase classname="amazonTest.TestCase8_ProductSort" name="withvalidvredentails" time="10.694">
    <failure type="java.lang.AssertionError" message="expected [Amazon.in: Shoes] but found [Amazon.in : shoes for kids]">
      <![CDATA[java.lang.AssertionError: expected [Amazon.in: Shoes] but found [Amazon.in : shoes for kids]
at amazonTest.TestCase8_ProductSort.withvalidvredentails(TestCase8_ProductSort.java:28)
at java.base/java.util.ArrayList.forEach(ArrayList.java:1597)
... Removed 31 stack frames]]>
    </failure>
  </testcase> <!-- withvalidvredentails -->
  <testcase classname="amazonTest.TestCase9_AddToCart" name="withvalidvredentails" time="22.834"/>
  <testcase classname="amazonTest.TestCase10_UpdateQuantities" name="withvalidvredentails" time="32.304"/>
  <testcase classname="amazonTest.TestCase11_ValidateCheckoutPage" name="withvalidvredentails" time="35.899">
    <failure type="org.openqa.selenium.InvalidSelectorException" message="invalid selector: Unable to locate an element with the xpath expression //span[normalize-space()=&amp;apos;Amazon Pay because of the following error:
SyntaxError: Failed to execute &amp;apos;evaluate&amp;apos; on &amp;apos;Document&amp;apos;: The string &amp;apos;//span[normalize-space()=&amp;apos;Amazon Pay&amp;apos; is not a valid XPath expression.
  (Session info: chrome=137.0.7151.105)
For documentation on this error, please visit: https://www.selenium.dev/documentation/webdriver/troubleshooting/errors#invalid-selector-exception
Build info: version: &amp;apos;4.20.0&amp;apos;, revision: &amp;apos;866c76ca80&amp;apos;
System info: os.name: &amp;apos;Windows 11&amp;apos;, os.arch: &amp;apos;amd64&amp;apos;, os.version: &amp;apos;10.0&amp;apos;, java.version: &amp;apos;23.0.2&amp;apos;
Driver info: org.openqa.selenium.chrome.ChromeDriver
Command: [bd8266a09aac2179c2aa26870e4c3b27, findElement {using=xpath, value=//span[normalize-space()=&amp;apos;Amazon Pay}]
Capabilities {acceptInsecureCerts: false, browserName: chrome, browserVersion: 137.0.7151.105, chrome: {chromedriverVersion: 137.0.7151.119 (e0ac9d12dff..., userDataDir: C:\Users\anbuj\AppData\Loca...}, fedcm:accounts: true, goog:chromeOptions: {debuggerAddress: localhost:51482}, networkConnectionEnabled: false, pageLoadStrategy: normal, platformName: windows, proxy: Proxy(), se:cdp: ws://localhost:51482/devtoo..., se:cdpVersion: 137.0.7151.105, setWindowRect: true, strictFileInteractability: false, timeouts: {implicit: 0, pageLoad: 300000, script: 30000}, unhandledPromptBehavior: dismiss and notify, webauthn:extension:credBlob: true, webauthn:extension:largeBlob: true, webauthn:extension:minPinLength: true, webauthn:extension:prf: true, webauthn:virtualAuthenticators: true}
Session ID: bd8266a09aac2179c2aa26870e4c3b27">
      <![CDATA[org.openqa.selenium.InvalidSelectorException: invalid selector: Unable to locate an element with the xpath expression //span[normalize-space()='Amazon Pay because of the following error:
SyntaxError: Failed to execute 'evaluate' on 'Document': The string '//span[normalize-space()='Amazon Pay' is not a valid XPath expression.
  (Session info: chrome=137.0.7151.105)
For documentation on this error, please visit: https://www.selenium.dev/documentation/webdriver/troubleshooting/errors#invalid-selector-exception
Build info: version: '4.20.0', revision: '866c76ca80'
System info: os.name: 'Windows 11', os.arch: 'amd64', os.version: '10.0', java.version: '23.0.2'
Driver info: org.openqa.selenium.chrome.ChromeDriver
Command: [bd8266a09aac2179c2aa26870e4c3b27, findElement {using=xpath, value=//span[normalize-space()='Amazon Pay}]
Capabilities {acceptInsecureCerts: false, browserName: chrome, browserVersion: 137.0.7151.105, chrome: {chromedriverVersion: 137.0.7151.119 (e0ac9d12dff..., userDataDir: C:\Users\anbuj\AppData\Loca...}, fedcm:accounts: true, goog:chromeOptions: {debuggerAddress: localhost:51482}, networkConnectionEnabled: false, pageLoadStrategy: normal, platformName: windows, proxy: Proxy(), se:cdp: ws://localhost:51482/devtoo..., se:cdpVersion: 137.0.7151.105, setWindowRect: true, strictFileInteractability: false, timeouts: {implicit: 0, pageLoad: 300000, script: 30000}, unhandledPromptBehavior: dismiss and notify, webauthn:extension:credBlob: true, webauthn:extension:largeBlob: true, webauthn:extension:minPinLength: true, webauthn:extension:prf: true, webauthn:virtualAuthenticators: true}
Session ID: bd8266a09aac2179c2aa26870e4c3b27
at org.openqa.selenium.remote.ErrorCodec.decode(ErrorCodec.java:167)
at org.openqa.selenium.remote.codec.w3c.W3CHttpResponseCodec.decode(W3CHttpResponseCodec.java:138)
at org.openqa.selenium.remote.codec.w3c.W3CHttpResponseCodec.decode(W3CHttpResponseCodec.java:50)
at org.openqa.selenium.remote.HttpCommandExecutor.execute(HttpCommandExecutor.java:190)
at org.openqa.selenium.remote.service.DriverCommandExecutor.invokeExecute(DriverCommandExecutor.java:216)
at org.openqa.selenium.remote.service.DriverCommandExecutor.execute(DriverCommandExecutor.java:174)
at org.openqa.selenium.remote.RemoteWebDriver.execute(RemoteWebDriver.java:518)
at org.openqa.selenium.remote.ElementLocation$ElementFinder$2.findElement(ElementLocation.java:165)
at org.openqa.selenium.remote.ElementLocation.findElement(ElementLocation.java:59)
at org.openqa.selenium.remote.RemoteWebDriver.findElement(RemoteWebDriver.java:355)
at org.openqa.selenium.remote.RemoteWebDriver.findElement(RemoteWebDriver.java:349)
at org.openqa.selenium.support.pagefactory.DefaultElementLocator.findElement(DefaultElementLocator.java:68)
at org.openqa.selenium.support.pagefactory.internal.LocatingElementHandler.invoke(LocatingElementHandler.java:38)
at jdk.proxy2/jdk.proxy2.$Proxy16.isDisplayed(Unknown Source)
at org.openqa.selenium.support.ui.ExpectedConditions.elementIfVisible(ExpectedConditions.java:304)
at org.openqa.selenium.support.ui.ExpectedConditions$10.apply(ExpectedConditions.java:290)
at org.openqa.selenium.support.ui.ExpectedConditions$10.apply(ExpectedConditions.java:287)
at org.openqa.selenium.support.ui.ExpectedConditions$23.apply(ExpectedConditions.java:656)
at org.openqa.selenium.support.ui.ExpectedConditions$23.apply(ExpectedConditions.java:652)
at org.openqa.selenium.support.ui.FluentWait.until(FluentWait.java:203)
at amazonPackage.AmzCheckoutPage.OrderReview(AmzCheckoutPage.java:53)
at amazonTest.TestCase11_ValidateCheckoutPage.withvalidvredentails(TestCase11_ValidateCheckoutPage.java:46)
at java.base/java.util.ArrayList.forEach(ArrayList.java:1597)
... Removed 28 stack frames]]>
    </failure>
  </testcase> <!-- withvalidvredentails -->
  <testcase classname="amazonTest.TestCase12_paymentPage2" name="withvalidvredentails" time="34.409"/>
  <testcase classname="amazonTest.TestCase14_YourOrders" name="withvalidvredentails" time="13.814"/>
  <testcase classname="amazonTest.TestCase15_CartWithoutLogin" name="withvalidvredentails" time="11.635"/>
</testsuite> <!-- Test -->
