<html>
<head>
<title>TestNG:  Test</title>
<link href="../testng.css" rel="stylesheet" type="text/css" />
<link href="../my-testng.css" rel="stylesheet" type="text/css" />

<style type="text/css">
.log { display: none;} 
.stack-trace { display: none;} 
</style>
<script type="text/javascript">
<!--
function flip(e) {
  current = e.style.display;
  if (current == 'block') {
    e.style.display = 'none';
    return 0;
  }
  else {
    e.style.display = 'block';
    return 1;
  }
}

function toggleBox(szDivId, elem, msg1, msg2)
{
  var res = -1;  if (document.getElementById) {
    res = flip(document.getElementById(szDivId));
  }
  else if (document.all) {
    // this is the way old msie versions work
    res = flip(document.all[szDivId]);
  }
  if(elem) {
    if(res == 0) elem.innerHTML = msg1; else elem.innerHTML = msg2;
  }

}

function toggleAllBoxes() {
  if (document.getElementsByTagName) {
    d = document.getElementsByTagName('div');
    for (i = 0; i < d.length; i++) {
      if (d[i].className == 'log') {
        flip(d[i]);
      }
    }
  }
}

// -->
</script>

</head>
<body>
<h2 align='center'>Test</h2><table border='1' align="center">
<tr>
<td>Tests passed/Failed/Skipped:</td><td>11/2/0</td>
</tr><tr>
<td>Started on:</td><td>Wed Jun 18 19:17:19 EDT 2025</td>
</tr>
<tr><td>Total time:</td><td>269 seconds (269614 ms)</td>
</tr><tr>
<td>Included groups:</td><td></td>
</tr><tr>
<td>Excluded groups:</td><td></td>
</tr>
</table><p/>
<small><i>(Hover the method name to see the test class name)</i></small><p/>
<table width='100%' border='1' class='invocation-failed'>
<tr><td colspan='4' align='center'><b>FAILED TESTS</b></td></tr>
<tr><td><b>Test method</b></td>
<td><b>Attribute(s)</b></td>
<td width="30%"><b>Exception</b></td>
<td width="10%"><b>Time (seconds)</b></td>
<td><b>Instance</b></td>
</tr>
<tr>
<td title='amazonTest.TestCase8_ProductSort.withvalidvredentails()'><b>withvalidvredentails</b><br>Test class: amazonTest.TestCase8_ProductSort</td>
<td><div><pre>java.lang.AssertionError: expected [Amazon.in: Shoes] but found [Amazon.in : shoes for kids]
	at amazonTest.TestCase8_ProductSort.withvalidvredentails(TestCase8_ProductSort.java:28)
	at java.base/java.util.ArrayList.forEach(ArrayList.java:1597)
... Removed 31 stack frames</pre></div><a href='#' onClick='toggleBox("stack-trace1714922341", this, "Click to show all stack frames", "Click to hide stack frames")'>Click to show all stack frames</a>
<div class='stack-trace' id='stack-trace1714922341'><pre>java.lang.AssertionError: expected [Amazon.in: Shoes] but found [Amazon.in : shoes for kids]
	at org.testng.Assert.fail(Assert.java:111)
	at org.testng.Assert.failNotEquals(Assert.java:1590)
	at org.testng.Assert.assertEqualsImpl(Assert.java:150)
	at org.testng.Assert.assertEquals(Assert.java:132)
	at org.testng.Assert.assertEquals(Assert.java:656)
	at org.testng.Assert.assertEquals(Assert.java:666)
	at amazonTest.TestCase8_ProductSort.withvalidvredentails(TestCase8_ProductSort.java:28)
	at java.base/jdk.internal.reflect.DirectMethodHandleAccessor.invoke(DirectMethodHandleAccessor.java:103)
	at java.base/java.lang.reflect.Method.invoke(Method.java:580)
	at org.testng.internal.invokers.MethodInvocationHelper.invokeMethod(MethodInvocationHelper.java:141)
	at org.testng.internal.invokers.TestInvoker.invokeMethod(TestInvoker.java:687)
	at org.testng.internal.invokers.TestInvoker.invokeTestMethod(TestInvoker.java:230)
	at org.testng.internal.invokers.MethodRunner.runInSequence(MethodRunner.java:63)
	at org.testng.internal.invokers.TestInvoker$MethodInvocationAgent.invoke(TestInvoker.java:995)
	at org.testng.internal.invokers.TestInvoker.invokeTestMethods(TestInvoker.java:203)
	at org.testng.internal.invokers.TestMethodWorker.invokeTestMethods(TestMethodWorker.java:154)
	at org.testng.internal.invokers.TestMethodWorker.run(TestMethodWorker.java:134)
	at java.base/java.util.ArrayList.forEach(ArrayList.java:1597)
	at org.testng.TestRunner.privateRun(TestRunner.java:741)
	at org.testng.TestRunner.run(TestRunner.java:616)
	at org.testng.SuiteRunner.runTest(SuiteRunner.java:421)
	at org.testng.SuiteRunner.runSequentially(SuiteRunner.java:413)
	at org.testng.SuiteRunner.privateRun(SuiteRunner.java:373)
	at org.testng.SuiteRunner.run(SuiteRunner.java:312)
	at org.testng.SuiteRunnerWorker.runSuite(SuiteRunnerWorker.java:52)
	at org.testng.SuiteRunnerWorker.run(SuiteRunnerWorker.java:95)
	at org.testng.TestNG.runSuitesSequentially(TestNG.java:1274)
	at org.testng.TestNG.runSuitesLocally(TestNG.java:1208)
	at org.testng.TestNG.runSuites(TestNG.java:1112)
	at org.testng.TestNG.run(TestNG.java:1079)
	at org.testng.remote.AbstractRemoteTestNG.run(AbstractRemoteTestNG.java:115)
	at org.testng.remote.RemoteTestNG.initAndRun(RemoteTestNG.java:293)
	at org.testng.remote.RemoteTestNG.main(RemoteTestNG.java:91)
</pre></div></td>
<td>10</td>
<td>amazonTest.TestCase8_ProductSort@e4487af</td></tr>
<tr>
<td title='amazonTest.TestCase11_ValidateCheckoutPage.withvalidvredentails()'><b>withvalidvredentails</b><br>Test class: amazonTest.TestCase11_ValidateCheckoutPage<br/>
<a href="#Output-294116482" onClick='toggleBox("Output-294116482", this, "Show output", "Hide output");'>Show output</a>

<a href="#Output-294116482" onClick="toggleAllBoxes();">Show all outputs</a>
<div class='log' id="Output-294116482">
Order review reached successfully<br/>
Address verified<br/>
</div>
</td>
<td><div><pre>org.openqa.selenium.InvalidSelectorException: invalid selector: Unable to locate an element with the xpath expression //span[normalize-space()=&apos;Amazon Pay because of the following error:
SyntaxError: Failed to execute &apos;evaluate&apos; on &apos;Document&apos;: The string &apos;//span[normalize-space()=&apos;Amazon Pay&apos; is not a valid XPath expression.
  (Session info: chrome=137.0.7151.105)
For documentation on this error, please visit: https://www.selenium.dev/documentation/webdriver/troubleshooting/errors#invalid-selector-exception
Build info: version: &apos;4.20.0&apos;, revision: &apos;866c76ca80&apos;
System info: os.name: &apos;Windows 11&apos;, os.arch: &apos;amd64&apos;, os.version: &apos;10.0&apos;, java.version: &apos;23.0.2&apos;
Driver info: org.openqa.selenium.chrome.ChromeDriver
Command: [bd8266a09aac2179c2aa26870e4c3b27, findElement {using=xpath, value=//span[normalize-space()=&apos;Amazon Pay}]
Capabilities {acceptInsecureCerts: false, browserName: chrome, browserVersion: 137.0.7151.105, chrome: {chromedriverVersion: 137.0.7151.119 (e0ac9d12dff..., userDataDir: C:\Users\anbuj\AppData\Loca...}, fedcm:accounts: true, goog:chromeOptions: {debuggerAddress: localhost:51482}, networkConnectionEnabled: false, pageLoadStrategy: normal, platformName: windows, proxy: Proxy(), se:cdp: ws://localhost:51482/devtoo..., se:cdpVersion: 137.0.7151.105, setWindowRect: true, strictFileInteractability: false, timeouts: {implicit: 0, pageLoad: 300000, script: 30000}, unhandledPromptBehavior: dismiss and notify, webauthn:extension:credBlob: true, webauthn:extension:largeBlob: true, webauthn:extension:minPinLength: true, webauthn:extension:prf: true, webauthn:virtualAuthenticators: true}
Session ID: bd8266a09aac2179c2aa26870e4c3b27
	at org.openqa.selenium.remote.ErrorCodec.decode(ErrorCodec.java:167)
	at org.openqa.selenium.remote.codec.w3c.W3CHttpResponseCodec.decode(W3CHttpResponseCodec.java:138)
	at org.openqa.selenium.remote.codec.w3c.W3CHttpResponseCodec.decode(W3CHttpResponseCodec.java:50)
	at org.openqa.selenium.remote.HttpCommandExecutor.execute(HttpCommandExecutor.java:190)
	at org.openqa.selenium.remote.service.DriverCommandExecutor.invokeExecute(DriverCommandExecutor.java:216)
	at org.openqa.selenium.remote.service.DriverCommandExecutor.execute(DriverCommandExecutor.java:174)
	at org.openqa.selenium.remote.RemoteWebDriver.execute(RemoteWebDriver.java:518)
	at org.openqa.selenium.remote.ElementLocation$ElementFinder$2.findElement(ElementLocation.java:165)
	at org.openqa.selenium.remote.ElementLocation.findElement(ElementLocation.java:59)
	at org.openqa.selenium.remote.RemoteWebDriver.findElement(RemoteWebDriver.java:355)
	at org.openqa.selenium.remote.RemoteWebDriver.findElement(RemoteWebDriver.java:349)
	at org.openqa.selenium.support.pagefactory.DefaultElementLocator.findElement(DefaultElementLocator.java:68)
	at org.openqa.selenium.support.pagefactory.internal.LocatingElementHandler.invoke(LocatingElementHandler.java:38)
	at jdk.proxy2/jdk.proxy2.$Proxy16.isDisplayed(Unknown Source)
	at org.openqa.selenium.support.ui.ExpectedConditions.elementIfVisible(ExpectedConditions.java:304)
	at org.openqa.selenium.support.ui.ExpectedConditions$10.apply(ExpectedConditions.java:290)
	at org.openqa.selenium.support.ui.ExpectedConditions$10.apply(ExpectedConditions.java:287)
	at org.openqa.selenium.support.ui.ExpectedConditions$23.apply(ExpectedConditions.java:656)
	at org.openqa.selenium.support.ui.ExpectedConditions$23.apply(ExpectedConditions.java:652)
	at org.openqa.selenium.support.ui.FluentWait.until(FluentWait.java:203)
	at amazonPackage.AmzCheckoutPage.OrderReview(AmzCheckoutPage.java:53)
	at amazonTest.TestCase11_ValidateCheckoutPage.withvalidvredentails(TestCase11_ValidateCheckoutPage.java:46)
	at java.base/java.util.ArrayList.forEach(ArrayList.java:1597)
... Removed 28 stack frames</pre></div><a href='#' onClick='toggleBox("stack-trace294116482", this, "Click to show all stack frames", "Click to hide stack frames")'>Click to show all stack frames</a>
<div class='stack-trace' id='stack-trace294116482'><pre>org.openqa.selenium.InvalidSelectorException: invalid selector: Unable to locate an element with the xpath expression //span[normalize-space()=&apos;Amazon Pay because of the following error:
SyntaxError: Failed to execute &apos;evaluate&apos; on &apos;Document&apos;: The string &apos;//span[normalize-space()=&apos;Amazon Pay&apos; is not a valid XPath expression.
  (Session info: chrome=137.0.7151.105)
For documentation on this error, please visit: https://www.selenium.dev/documentation/webdriver/troubleshooting/errors#invalid-selector-exception
Build info: version: &apos;4.20.0&apos;, revision: &apos;866c76ca80&apos;
System info: os.name: &apos;Windows 11&apos;, os.arch: &apos;amd64&apos;, os.version: &apos;10.0&apos;, java.version: &apos;23.0.2&apos;
Driver info: org.openqa.selenium.chrome.ChromeDriver
Command: [bd8266a09aac2179c2aa26870e4c3b27, findElement {using=xpath, value=//span[normalize-space()=&apos;Amazon Pay}]
Capabilities {acceptInsecureCerts: false, browserName: chrome, browserVersion: 137.0.7151.105, chrome: {chromedriverVersion: 137.0.7151.119 (e0ac9d12dff..., userDataDir: C:\Users\anbuj\AppData\Loca...}, fedcm:accounts: true, goog:chromeOptions: {debuggerAddress: localhost:51482}, networkConnectionEnabled: false, pageLoadStrategy: normal, platformName: windows, proxy: Proxy(), se:cdp: ws://localhost:51482/devtoo..., se:cdpVersion: 137.0.7151.105, setWindowRect: true, strictFileInteractability: false, timeouts: {implicit: 0, pageLoad: 300000, script: 30000}, unhandledPromptBehavior: dismiss and notify, webauthn:extension:credBlob: true, webauthn:extension:largeBlob: true, webauthn:extension:minPinLength: true, webauthn:extension:prf: true, webauthn:virtualAuthenticators: true}
Session ID: bd8266a09aac2179c2aa26870e4c3b27
	at java.base/jdk.internal.reflect.DirectConstructorHandleAccessor.newInstance(DirectConstructorHandleAccessor.java:62)
	at java.base/java.lang.reflect.Constructor.newInstanceWithCaller(Constructor.java:501)
	at java.base/java.lang.reflect.Constructor.newInstance(Constructor.java:485)
	at org.openqa.selenium.remote.ErrorCodec.decode(ErrorCodec.java:167)
	at org.openqa.selenium.remote.codec.w3c.W3CHttpResponseCodec.decode(W3CHttpResponseCodec.java:138)
	at org.openqa.selenium.remote.codec.w3c.W3CHttpResponseCodec.decode(W3CHttpResponseCodec.java:50)
	at org.openqa.selenium.remote.HttpCommandExecutor.execute(HttpCommandExecutor.java:190)
	at org.openqa.selenium.remote.service.DriverCommandExecutor.invokeExecute(DriverCommandExecutor.java:216)
	at org.openqa.selenium.remote.service.DriverCommandExecutor.execute(DriverCommandExecutor.java:174)
	at org.openqa.selenium.remote.RemoteWebDriver.execute(RemoteWebDriver.java:518)
	at org.openqa.selenium.remote.ElementLocation$ElementFinder$2.findElement(ElementLocation.java:165)
	at org.openqa.selenium.remote.ElementLocation.findElement(ElementLocation.java:59)
	at org.openqa.selenium.remote.RemoteWebDriver.findElement(RemoteWebDriver.java:355)
	at org.openqa.selenium.remote.RemoteWebDriver.findElement(RemoteWebDriver.java:349)
	at org.openqa.selenium.support.pagefactory.DefaultElementLocator.findElement(DefaultElementLocator.java:68)
	at org.openqa.selenium.support.pagefactory.internal.LocatingElementHandler.invoke(LocatingElementHandler.java:38)
	at jdk.proxy2/jdk.proxy2.$Proxy16.isDisplayed(Unknown Source)
	at org.openqa.selenium.support.ui.ExpectedConditions.elementIfVisible(ExpectedConditions.java:304)
	at org.openqa.selenium.support.ui.ExpectedConditions$10.apply(ExpectedConditions.java:290)
	at org.openqa.selenium.support.ui.ExpectedConditions$10.apply(ExpectedConditions.java:287)
	at org.openqa.selenium.support.ui.ExpectedConditions$23.apply(ExpectedConditions.java:656)
	at org.openqa.selenium.support.ui.ExpectedConditions$23.apply(ExpectedConditions.java:652)
	at org.openqa.selenium.support.ui.FluentWait.until(FluentWait.java:203)
	at amazonPackage.AmzCheckoutPage.OrderReview(AmzCheckoutPage.java:53)
	at amazonTest.TestCase11_ValidateCheckoutPage.withvalidvredentails(TestCase11_ValidateCheckoutPage.java:46)
	at java.base/jdk.internal.reflect.DirectMethodHandleAccessor.invoke(DirectMethodHandleAccessor.java:103)
	at java.base/java.lang.reflect.Method.invoke(Method.java:580)
	at org.testng.internal.invokers.MethodInvocationHelper.invokeMethod(MethodInvocationHelper.java:141)
	at org.testng.internal.invokers.TestInvoker.invokeMethod(TestInvoker.java:687)
	at org.testng.internal.invokers.TestInvoker.invokeTestMethod(TestInvoker.java:230)
	at org.testng.internal.invokers.MethodRunner.runInSequence(MethodRunner.java:63)
	at org.testng.internal.invokers.TestInvoker$MethodInvocationAgent.invoke(TestInvoker.java:995)
	at org.testng.internal.invokers.TestInvoker.invokeTestMethods(TestInvoker.java:203)
	at org.testng.internal.invokers.TestMethodWorker.invokeTestMethods(TestMethodWorker.java:154)
	at org.testng.internal.invokers.TestMethodWorker.run(TestMethodWorker.java:134)
	at java.base/java.util.ArrayList.forEach(ArrayList.java:1597)
	at org.testng.TestRunner.privateRun(TestRunner.java:741)
	at org.testng.TestRunner.run(TestRunner.java:616)
	at org.testng.SuiteRunner.runTest(SuiteRunner.java:421)
	at org.testng.SuiteRunner.runSequentially(SuiteRunner.java:413)
	at org.testng.SuiteRunner.privateRun(SuiteRunner.java:373)
	at org.testng.SuiteRunner.run(SuiteRunner.java:312)
	at org.testng.SuiteRunnerWorker.runSuite(SuiteRunnerWorker.java:52)
	at org.testng.SuiteRunnerWorker.run(SuiteRunnerWorker.java:95)
	at org.testng.TestNG.runSuitesSequentially(TestNG.java:1274)
	at org.testng.TestNG.runSuitesLocally(TestNG.java:1208)
	at org.testng.TestNG.runSuites(TestNG.java:1112)
	at org.testng.TestNG.run(TestNG.java:1079)
	at org.testng.remote.AbstractRemoteTestNG.run(AbstractRemoteTestNG.java:115)
	at org.testng.remote.RemoteTestNG.initAndRun(RemoteTestNG.java:293)
	at org.testng.remote.RemoteTestNG.main(RemoteTestNG.java:91)
</pre></div></td>
<td>35</td>
<td>amazonTest.TestCase11_ValidateCheckoutPage@10aa41f2</td></tr>
</table><p>
<table width='100%' border='1' class='invocation-passed'>
<tr><td colspan='4' align='center'><b>PASSED TESTS</b></td></tr>
<tr><td><b>Test method</b></td>
<td><b>Attribute(s)</b></td>
<td width="30%"><b>Exception</b></td>
<td width="10%"><b>Time (seconds)</b></td>
<td><b>Instance</b></td>
</tr>
<tr>
<td title='amazonTest.TestCase12_paymentPage2.withvalidvredentails()'><b>withvalidvredentails</b><br>Test class: amazonTest.TestCase12_paymentPage2<br/>
<a href="#Output-1959690207" onClick='toggleBox("Output-1959690207", this, "Show output", "Hide output");'>Show output</a>

<a href="#Output-1959690207" onClick="toggleAllBoxes();">Show all outputs</a>
<div class='log' id="Output-1959690207">
Order review reached successfully<br/>
</div>
</td>
<td></td>
<td>34</td>
<td>amazonTest.TestCase12_paymentPage2@3af9c5b7</td></tr>
<tr>
<td title='amazonTest.TestCase3_InvalidLogin.withInvalidcredentails()'><b>withInvalidcredentails</b><br>Test class: amazonTest.TestCase3_InvalidLogin<br>Parameters: 9940271110, Jaaaaa@1223<br/>
<a href="#Output-408132785" onClick='toggleBox("Output-408132785", this, "Show output", "Hide output");'>Show output</a>

<a href="#Output-408132785" onClick="toggleAllBoxes();">Show all outputs</a>
<div class='log' id="Output-408132785">
Invalid password<br/>
</div>
</td>
<td></td>
<td>7</td>
<td>amazonTest.TestCase3_InvalidLogin@f79e</td></tr>
<tr>
<td title='amazonTest.TestCase14_YourOrders.withvalidvredentails()'><b>withvalidvredentails</b><br>Test class: amazonTest.TestCase14_YourOrders</td>
<td></td>
<td>13</td>
<td>amazonTest.TestCase14_YourOrders@37271612</td></tr>
<tr>
<td title='amazonTest.TestCase7_ProductDetails.withvalidvredentails()'><b>withvalidvredentails</b><br>Test class: amazonTest.TestCase7_ProductDetails</td>
<td></td>
<td>6</td>
<td>amazonTest.TestCase7_ProductDetails@1e178745</td></tr>
<tr>
<td title='amazonTest.TestCase10_UpdateQuantities.withvalidvredentails()'><b>withvalidvredentails</b><br>Test class: amazonTest.TestCase10_UpdateQuantities</td>
<td></td>
<td>32</td>
<td>amazonTest.TestCase10_UpdateQuantities@c86b9e3</td></tr>
<tr>
<td title='amazonTest.TestCase1_LoginToAmazonLogout.withvalidvredentails()'><b>withvalidvredentails</b><br>Test class: amazonTest.TestCase1_LoginToAmazonLogout</td>
<td></td>
<td>10</td>
<td>amazonTest.TestCase1_LoginToAmazonLogout@b2c9a9c</td></tr>
<tr>
<td title='amazonTest.TestCase15_CartWithoutLogin.withvalidvredentails()'><b>withvalidvredentails</b><br>Test class: amazonTest.TestCase15_CartWithoutLogin</td>
<td></td>
<td>11</td>
<td>amazonTest.TestCase15_CartWithoutLogin@ed7f8b4</td></tr>
<tr>
<td title='amazonTest.TestCase2_ValidLogin.withvalidvredentails()'><b>withvalidvredentails</b><br>Test class: amazonTest.TestCase2_ValidLogin</td>
<td></td>
<td>11</td>
<td>amazonTest.TestCase2_ValidLogin@4c39bec8</td></tr>
<tr>
<td title='amazonTest.TestCase4_ProfileEdit2.withvalidvredentails()'><b>withvalidvredentails</b><br>Test class: amazonTest.TestCase4_ProfileEdit2<br/>
<a href="#Output-1810748644" onClick='toggleBox("Output-1810748644", this, "Show output", "Hide output");'>Show output</a>

<a href="#Output-1810748644" onClick="toggleAllBoxes();">Show all outputs</a>
<div class='log' id="Output-1810748644">
Profile Name edited<br/>
</div>
</td>
<td></td>
<td>16</td>
<td>amazonTest.TestCase4_ProfileEdit2@7ee8290b</td></tr>
<tr>
<td title='amazonTest.TestCase9_AddToCart.withvalidvredentails()'><b>withvalidvredentails</b><br>Test class: amazonTest.TestCase9_AddToCart</td>
<td></td>
<td>22</td>
<td>amazonTest.TestCase9_AddToCart@6aaceffd</td></tr>
<tr>
<td title='amazonTest.TestCase6_SearchFilters.withvalidvredentails()'><b>withvalidvredentails</b><br>Test class: amazonTest.TestCase6_SearchFilters<br/>
<a href="#Output-1402211887" onClick='toggleBox("Output-1402211887", this, "Show output", "Hide output");'>Show output</a>

<a href="#Output-1402211887" onClick="toggleAllBoxes();">Show all outputs</a>
<div class='log' id="Output-1402211887">
Brand verified<br/>
</div>
</td>
<td></td>
<td>5</td>
<td>amazonTest.TestCase6_SearchFilters@1f59a598</td></tr>
</table><p>
</body>
</html>