<!DOCTYPE html PUBLIC "-//W3C//DTD XHTML 1.1//EN" "https://www.w3.org/TR/xhtml11/DTD/xhtml11.dtd">
<html xmlns="https://www.w3.org/1999/xhtml">
<head>
<meta http-equiv="content-type" content="text/html; charset=UTF-8"/>
<title>TestNG Report</title>
<style type="text/css">table {margin-bottom:10px;border-collapse:collapse;empty-cells:show}th,td {border:1px solid #009;padding:.25em .5em}th {vertical-align:bottom}td {vertical-align:top}table a {font-weight:bold}.stripe td {background-color: #E6EBF9}.num {text-align:right}.passedodd td {background-color: #3F3}.passedeven td {background-color: #0A0}.skippedodd td {background-color: #DDD}.skippedeven td {background-color: #CCC}.failedodd td,.attn {background-color: #F33}.failedeven td,.stripe .attn {background-color: #D00}.stacktrace {white-space:pre;font-family:monospace}.totop {font-size:85%;text-align:center;border-bottom:2px solid #000}.invisible {display:none}</style>
</head>
<body>
<table>
<tr><th>Test</th><th># Passed</th><th># Skipped</th><th># Retried</th><th># Failed</th><th>Time (ms)</th><th>Included Groups</th><th>Excluded Groups</th></tr>
<tr><th colspan="8">Suite</th></tr>
<tr><td><a href="#t0">Test</a></td><td class="num">15</td><td class="num">0</td><td class="num attn">2</td><td class="num">0</td><td class="num">347,227</td><td></td><td></td></tr>
</table>
<table id='summary'><thead><tr><th>Class</th><th>Method</th><th>Start</th><th>Time (ms)</th></tr></thead><tbody><tr><th colspan="4">Suite</th></tr></tbody><tbody id="t0"><tr><th colspan="4">Test &#8212; retried</th></tr><tr class="retriedeven"><td rowspan="1">amazonTest.TestCase1_LoginToAmazonLogout</td><td><a href="#m0">withvalidvredentails</a></td><td rowspan="1">1750994052989</td><td rowspan="1">17757</td></tr><tr class="retriedodd"><td rowspan="1">amazonTest.TestCase4_ProfileEdit2</td><td><a href="#m1">withvalidvredentails</a></td><td rowspan="1">1750994010395</td><td rowspan="1">20389</td></tr><tr><th colspan="4">Test &#8212; passed</th></tr><tr class="passedeven"><td rowspan="1">amazonTest.TestCase10_UpdateQuantities</td><td><a href="#m2">withvalidvredentails</a></td><td rowspan="1">1750994155290</td><td rowspan="1">20126</td></tr><tr class="passedodd"><td rowspan="1">amazonTest.TestCase11_ValidateCheckoutPage</td><td><a href="#m3">withvalidvredentails</a></td><td rowspan="1">1750994231771</td><td rowspan="1">42427</td></tr><tr class="passedeven"><td rowspan="1">amazonTest.TestCase12_paymentPage2</td><td><a href="#m4">withvalidvredentails</a></td><td rowspan="1">1750994298697</td><td rowspan="1">17004</td></tr><tr class="passedodd"><td rowspan="1">amazonTest.TestCase13_ApplyCoupon</td><td><a href="#m5">withvalidvredentails</a></td><td rowspan="1">1750994279140</td><td rowspan="1">16099</td></tr><tr class="passedeven"><td rowspan="1">amazonTest.TestCase14_YourOrders</td><td><a href="#m6">withvalidvredentails</a></td><td rowspan="1">1750994180595</td><td rowspan="1">12347</td></tr><tr class="passedodd"><td rowspan="1">amazonTest.TestCase15_CartWithoutLogin</td><td><a href="#m7">withvalidvredentails</a></td><td rowspan="1">1750994110725</td><td rowspan="1">14065</td></tr><tr class="passedeven"><td rowspan="1">amazonTest.TestCase16_CardDetails</td><td><a href="#m8">withvalidvredentails</a></td><td rowspan="1">1750994195892</td><td rowspan="1">20536</td></tr><tr class="passedodd"><td rowspan="1">amazonTest.TestCase1_LoginToAmazonLogout</td><td><a href="#m9">withvalidvredentails</a></td><td rowspan="1">1750994075968</td><td rowspan="1">8721</td></tr><tr class="passedeven"><td rowspan="1">amazonTest.TestCase2_ValidLogin</td><td><a href="#m10">withvalidvredentails</a></td><td rowspan="1">1750993993611</td><td rowspan="1">13762</td></tr><tr class="passedodd"><td rowspan="1">amazonTest.TestCase3_InvalidLogin</td><td><a href="#m11">withInvalidcredentails</a></td><td rowspan="1">1750994092022</td><td rowspan="1">5071</td></tr><tr class="passedeven"><td rowspan="1">amazonTest.TestCase4_ProfileEdit2</td><td><a href="#m12">withvalidvredentails</a></td><td rowspan="1">1750994035969</td><td rowspan="1">11890</td></tr><tr class="passedodd"><td rowspan="1">amazonTest.TestCase6_SearchFilters</td><td><a href="#m13">withvalidvredentails</a></td><td rowspan="1">1750994101193</td><td rowspan="1">6164</td></tr><tr class="passedeven"><td rowspan="1">amazonTest.TestCase7_ProductDetails</td><td><a href="#m14">withvalidvredentails</a></td><td rowspan="1">1750994220926</td><td rowspan="1">7841</td></tr><tr class="passedodd"><td rowspan="1">amazonTest.TestCase8_ProductSort</td><td><a href="#m15">withvalidvredentails</a></td><td rowspan="1">1750993980634</td><td rowspan="1">10054</td></tr><tr class="passedeven"><td rowspan="1">amazonTest.TestCase9_AddToCart</td><td><a href="#m16">withvalidvredentails</a></td><td rowspan="1">1750994128469</td><td rowspan="1">21932</td></tr></tbody>
</table>
<h2>Test</h2><h3 id="m0">amazonTest.TestCase1_LoginToAmazonLogout#withvalidvredentails</h3><table class="result"><tr><th>Messages</th></tr><tr><td><div class="messages">Greeting message displayed<br/>Listener:Test is skiped</div></td></tr><tr><th>Exception</th></tr><tr><td><div class="stacktrace">org.openqa.selenium.ElementNotInteractableException: element not interactable
  (Session info: chrome=137.0.7151.120)
Build info: version: &apos;4.20.0&apos;, revision: &apos;866c76ca80&apos;
System info: os.name: &apos;Windows 11&apos;, os.arch: &apos;amd64&apos;, os.version: &apos;10.0&apos;, java.version: &apos;23.0.2&apos;
Driver info: org.openqa.selenium.chrome.ChromeDriver
Command: [948394a46fdf3f354af0d02c1754bc25, clickElement {id=f.9C79136815F354E8AA0E99BC7782FE64.d.2A52D1D041B939E54B4DB0CDDF516C98.e.355}]
Capabilities {acceptInsecureCerts: false, browserName: chrome, browserVersion: 137.0.7151.120, chrome: {chromedriverVersion: 137.0.7151.119 (e0ac9d12dff..., userDataDir: C:\Users\anbuj\AppData\Loca...}, fedcm:accounts: true, goog:chromeOptions: {debuggerAddress: localhost:53568}, networkConnectionEnabled: false, pageLoadStrategy: normal, platformName: windows, proxy: Proxy(), se:cdp: ws://localhost:53568/devtoo..., se:cdpVersion: 137.0.7151.120, setWindowRect: true, strictFileInteractability: false, timeouts: {implicit: 0, pageLoad: 300000, script: 30000}, unhandledPromptBehavior: dismiss and notify, webauthn:extension:credBlob: true, webauthn:extension:largeBlob: true, webauthn:extension:minPinLength: true, webauthn:extension:prf: true, webauthn:virtualAuthenticators: true}
Element: [[ChromeDriver: chrome on windows (948394a46fdf3f354af0d02c1754bc25)] -&gt; xpath: //span[normalize-space()=&apos;Sign Out&apos;]]
Session ID: 948394a46fdf3f354af0d02c1754bc25
	at org.openqa.selenium.remote.ErrorCodec.decode(ErrorCodec.java:167)
	at org.openqa.selenium.remote.codec.w3c.W3CHttpResponseCodec.decode(W3CHttpResponseCodec.java:138)
	at org.openqa.selenium.remote.codec.w3c.W3CHttpResponseCodec.decode(W3CHttpResponseCodec.java:50)
	at org.openqa.selenium.remote.HttpCommandExecutor.execute(HttpCommandExecutor.java:190)
	at org.openqa.selenium.remote.service.DriverCommandExecutor.invokeExecute(DriverCommandExecutor.java:216)
	at org.openqa.selenium.remote.service.DriverCommandExecutor.execute(DriverCommandExecutor.java:174)
	at org.openqa.selenium.remote.RemoteWebDriver.execute(RemoteWebDriver.java:518)
	at org.openqa.selenium.remote.RemoteWebElement.execute(RemoteWebElement.java:223)
	at org.openqa.selenium.remote.RemoteWebElement.click(RemoteWebElement.java:76)
	at org.openqa.selenium.support.pagefactory.internal.LocatingElementHandler.invoke(LocatingElementHandler.java:51)
	at jdk.proxy2/jdk.proxy2.$Proxy16.click(Unknown Source)
	at amazonPackage.AmzHomePage.logout(AmzHomePage.java:67)
	at amazonTest.TestCase1_LoginToAmazonLogout.withvalidvredentails(TestCase1_LoginToAmazonLogout.java:26)
	at java.base/java.util.ArrayList.forEach(ArrayList.java:1597)
... Removed 30 stack frames</div></td></tr></table><p class="totop"><a href="#summary">back to summary</a></p>
<h3 id="m1">amazonTest.TestCase4_ProfileEdit2#withvalidvredentails</h3><table class="result"><tr><th>Messages</th></tr><tr><td><div class="messages">Greeting message displayed<br/>Listener:Test is skiped</div></td></tr><tr><th>Exception</th></tr><tr><td><div class="stacktrace">org.openqa.selenium.ElementNotInteractableException: element not interactable
  (Session info: chrome=137.0.7151.120)
Build info: version: &apos;4.20.0&apos;, revision: &apos;866c76ca80&apos;
System info: os.name: &apos;Windows 11&apos;, os.arch: &apos;amd64&apos;, os.version: &apos;10.0&apos;, java.version: &apos;23.0.2&apos;
Driver info: org.openqa.selenium.chrome.ChromeDriver
Command: [dd8b4c98ced4fde5f926e4026f4f2cf6, clickElement {id=f.B3103A38091C271DEAA76DFD8F4758EC.d.9AFC79A40D7D043049DF45E33B0DCB29.e.293}]
Capabilities {acceptInsecureCerts: false, browserName: chrome, browserVersion: 137.0.7151.120, chrome: {chromedriverVersion: 137.0.7151.119 (e0ac9d12dff..., userDataDir: C:\Users\anbuj\AppData\Loca...}, fedcm:accounts: true, goog:chromeOptions: {debuggerAddress: localhost:53388}, networkConnectionEnabled: false, pageLoadStrategy: normal, platformName: windows, proxy: Proxy(), se:cdp: ws://localhost:53388/devtoo..., se:cdpVersion: 137.0.7151.120, setWindowRect: true, strictFileInteractability: false, timeouts: {implicit: 0, pageLoad: 300000, script: 30000}, unhandledPromptBehavior: dismiss and notify, webauthn:extension:credBlob: true, webauthn:extension:largeBlob: true, webauthn:extension:minPinLength: true, webauthn:extension:prf: true, webauthn:virtualAuthenticators: true}
Element: [[ChromeDriver: chrome on windows (dd8b4c98ced4fde5f926e4026f4f2cf6)] -&gt; xpath: //span[normalize-space()=&apos;Your Account&apos;]]
Session ID: dd8b4c98ced4fde5f926e4026f4f2cf6
	at org.openqa.selenium.remote.ErrorCodec.decode(ErrorCodec.java:167)
	at org.openqa.selenium.remote.codec.w3c.W3CHttpResponseCodec.decode(W3CHttpResponseCodec.java:138)
	at org.openqa.selenium.remote.codec.w3c.W3CHttpResponseCodec.decode(W3CHttpResponseCodec.java:50)
	at org.openqa.selenium.remote.HttpCommandExecutor.execute(HttpCommandExecutor.java:190)
	at org.openqa.selenium.remote.service.DriverCommandExecutor.invokeExecute(DriverCommandExecutor.java:216)
	at org.openqa.selenium.remote.service.DriverCommandExecutor.execute(DriverCommandExecutor.java:174)
	at org.openqa.selenium.remote.RemoteWebDriver.execute(RemoteWebDriver.java:518)
	at org.openqa.selenium.remote.RemoteWebElement.execute(RemoteWebElement.java:223)
	at org.openqa.selenium.remote.RemoteWebElement.click(RemoteWebElement.java:76)
	at org.openqa.selenium.support.pagefactory.internal.LocatingElementHandler.invoke(LocatingElementHandler.java:51)
	at jdk.proxy2/jdk.proxy2.$Proxy16.click(Unknown Source)
	at amazonPackage.AmzAccountPage.yourAccount(AmzAccountPage.java:23)
	at amazonTest.TestCase4_ProfileEdit2.withvalidvredentails(TestCase4_ProfileEdit2.java:28)
	at java.base/java.util.ArrayList.forEach(ArrayList.java:1597)
... Removed 30 stack frames</div></td></tr></table><p class="totop"><a href="#summary">back to summary</a></p>
<h3 id="m2">amazonTest.TestCase10_UpdateQuantities#withvalidvredentails</h3><table class="result"><tr><th>Messages</th></tr><tr><td><div class="messages">Greeting message displayed<br/>clicked on the first Product<br/>switched to child window<br/>Product added to cart<br/>Product deleted<br/>Listener:Test is Pass</div></td></tr></table><p class="totop"><a href="#summary">back to summary</a></p>
<h3 id="m3">amazonTest.TestCase11_ValidateCheckoutPage#withvalidvredentails</h3><table class="result"><tr><th>Messages</th></tr><tr><td><div class="messages">Greeting message displayed<br/>clicked on the first Product<br/>switched to child window<br/>Product added to cart<br/>Payment verified<br/>Address verified<br/>OrderReview verified<br/>Listener:Test is Pass</div></td></tr></table><p class="totop"><a href="#summary">back to summary</a></p>
<h3 id="m4">amazonTest.TestCase12_paymentPage2#withvalidvredentails</h3><table class="result"><tr><th>Messages</th></tr><tr><td><div class="messages">Greeting message displayed<br/>selected each payment <br/>Listener:Test is Pass</div></td></tr></table><p class="totop"><a href="#summary">back to summary</a></p>
<h3 id="m5">amazonTest.TestCase13_ApplyCoupon#withvalidvredentails</h3><table class="result"><tr><th>Messages</th></tr><tr><td><div class="messages">Greeting message displayed<br/>Listener:Test is Pass</div></td></tr></table><p class="totop"><a href="#summary">back to summary</a></p>
<h3 id="m6">amazonTest.TestCase14_YourOrders#withvalidvredentails</h3><table class="result"><tr><th>Messages</th></tr><tr><td><div class="messages">Greeting message displayed<br/>5 star rating given<br/>writen review for product<br/>Listener:Test is Pass</div></td></tr></table><p class="totop"><a href="#summary">back to summary</a></p>
<h3 id="m7">amazonTest.TestCase15_CartWithoutLogin#withvalidvredentails</h3><table class="result"><tr><th>Messages</th></tr><tr><td><div class="messages">clicked on the first Product<br/>switched to child window<br/>Product added to cart<br/>Listener:Test is Pass</div></td></tr></table><p class="totop"><a href="#summary">back to summary</a></p>
<h3 id="m8">amazonTest.TestCase16_CardDetails#withvalidvredentails</h3><table class="result"><tr><th>Messages</th></tr><tr><td><div class="messages">Greeting message displayed<br/>Selected credit_debitCard<br/>Error 1: Card number is not correct.<br/>Error 2: Expiration date is not correct.<br/>Listener:Test is Pass</div></td></tr></table><p class="totop"><a href="#summary">back to summary</a></p>
<h3 id="m9">amazonTest.TestCase1_LoginToAmazonLogout#withvalidvredentails</h3><table class="result"><tr><th>Messages</th></tr><tr><td><div class="messages">Greeting message displayed<br/>Listener:Test is Pass</div></td></tr></table><p class="totop"><a href="#summary">back to summary</a></p>
<h3 id="m10">amazonTest.TestCase2_ValidLogin#withvalidvredentails</h3><table class="result"><tr><th>Messages</th></tr><tr><td><div class="messages">Greeting message displayed<br/>Listener:Test is Pass</div></td></tr></table><p class="totop"><a href="#summary">back to summary</a></p>
<h3 id="m11">amazonTest.TestCase3_InvalidLogin#withInvalidcredentails</h3><table class="result"><tr class="param"><th>Parameter #1</th><th>Parameter #2</th></tr><tr class="param stripe"><td>9940271110</td><td>Jaaaaa@1223</td></tr><tr><th colspan="2">Messages</th></tr><tr><td colspan="2"><div class="messages">Invalid password<br/>Listener:Test is Pass</div></td></tr></table><p class="totop"><a href="#summary">back to summary</a></p>
<h3 id="m12">amazonTest.TestCase4_ProfileEdit2#withvalidvredentails</h3><table class="result"><tr><th>Messages</th></tr><tr><td><div class="messages">Greeting message displayed<br/>Profile Name edited<br/>Listener:Test is Pass</div></td></tr></table><p class="totop"><a href="#summary">back to summary</a></p>
<h3 id="m13">amazonTest.TestCase6_SearchFilters#withvalidvredentails</h3><table class="result"><tr><th>Messages</th></tr><tr><td><div class="messages">Brand verified<br/>Listener:Test is Pass</div></td></tr></table><p class="totop"><a href="#summary">back to summary</a></p>
<h3 id="m14">amazonTest.TestCase7_ProductDetails#withvalidvredentails</h3><table class="result"><tr><th>Messages</th></tr><tr><td><div class="messages">clicked on the first Product<br/>productdescription verified<br/>Listener:Test is Pass</div></td></tr></table><p class="totop"><a href="#summary">back to summary</a></p>
<h3 id="m15">amazonTest.TestCase8_ProductSort#withvalidvredentails</h3><table class="result"><tr><th>Messages</th></tr><tr><td><div class="messages">Sorted by Price: Low to High<br/>Sorted by Price: Low to High<br/>Sorted by Customer Review<br/>Listener:Test is Pass</div></td></tr></table><p class="totop"><a href="#summary">back to summary</a></p>
<h3 id="m16">amazonTest.TestCase9_AddToCart#withvalidvredentails</h3><table class="result"><tr><th>Messages</th></tr><tr><td><div class="messages">Greeting message displayed<br/>clicked on the first Product<br/>switched to child window<br/>Product added to cart<br/>Listener:Test is Pass</div></td></tr></table><p class="totop"><a href="#summary">back to summary</a></p>
</body>
</html>
